Reading samplefilepartnerimport2.csv
Imported file verification: 
_______________________________________________
<Create New Partner>
Processing record 1 of 27:
[FAMILY]   No name information available 


<Create New Partner>
Save Partner: 
While importing partner [43005001]:
    Adding new Acquisition Code IMPORT
    Import of FAMILY   No name information available
 Successful
_______________________________________________
Processing record 2 of 27:
[FAMILY]   No name information available 


<Create New Partner>
Save Partner: 
While importing partner [43005002]:
    Import of FAMILY   No name information available
 Successful
_______________________________________________
Processing record 3 of 27:
[FAMILY] , Dalton 


<Create New Partner>
Save Partner: 
While importing partner [43005003]:
    Import of FAMILY , Dalton
 Successful
_______________________________________________
Processing record 4 of 27:
[FAMILY]   No name information available 
Ponce
Nullam.ut.nisi@elementumpurusaccumsan.com

<Create New Partner>
Save Partner: 
While importing partner [43005004]:
    Import of FAMILY   No name information available
 Successful
_______________________________________________
Processing record 5 of 27:
[FAMILY] , Julian 


<Create New Partner>
Save Partner: 
While importing partner [43005005]:
    Import of FAMILY , Julian
 Successful
_______________________________________________
Processing record 6 of 27:
[FAMILY]   No name information available 
Valdez
dignissim.pharetra@sapienCrasdolor.org

<Create New Partner>
Save Partner: 
While importing partner [43005006]:
    Import of FAMILY   No name information available
 Successful
_______________________________________________
Processing record 7 of 27:
[FAMILY] , Dahlia 


<Create New Partner>
Save Partner: 
While importing partner [43005007]:
    Import of FAMILY , Dahlia
 Successful
_______________________________________________
Processing record 8 of 27:
[FAMILY]   No name information available 
Huntington Beach
mauris.blandit.mattis@ac.ca

<Create New Partner>
Save Partner: 
While importing partner [43005008]:
    Import of FAMILY   No name information available
 Successful
_______________________________________________
Processing record 9 of 27:
[FAMILY] , Ulric 


<Create New Partner>
Save Partner: 
While importing partner [43005009]:
    Import of FAMILY , Ulric
 Successful
_______________________________________________
Processing record 10 of 27:
[FAMILY]   No name information available 
Clairton
posuere.cubilia@diameu.ca

<Create New Partner>
Save Partner: 
While importing partner [43005010]:
    Import of FAMILY   No name information available
 Successful
_______________________________________________
Processing record 11 of 27:
[FAMILY] , Julian 


<Update existing Partner>
<Skip Partner>
_______________________________________________
Processing record 12 of 27:
[FAMILY]   No name information available 
Columbus
aliquet.Phasellus@Proinnon.com

<Create New Partner>
Save Partner: 
While importing partner [43005011]:
    Import of FAMILY   No name information available
 Successful
_______________________________________________
Processing record 13 of 27:
[FAMILY] , Robert 


<Create New Partner>
Save Partner: 
While importing partner [43005012]:
    Import of FAMILY , Robert
 Successful
_______________________________________________
Processing record 14 of 27:
[FAMILY]   No name information available 
Alexandria
a.scelerisque.sed@ornare.edu

<Create New Partner>
Save Partner: 
While importing partner [43005013]:
    Import of FAMILY   No name information available
 Successful
_______________________________________________
Processing record 15 of 27:
[FAMILY] , Otto 


<Create New Partner>
Save Partner: 
While importing partner [43005014]:
    Import of FAMILY , Otto
 Successful
_______________________________________________
Processing record 16 of 27:
[FAMILY]   No name information available 
Alexandria
Vivamus@variusNam.com

<Create New Partner>
Save Partner: 
While importing partner [43005015]:
    Import of FAMILY   No name information available
 Successful
_______________________________________________
Processing record 17 of 27:
[FAMILY]   No name information available 


<Create New Partner>
Save Partner: 
While importing partner [43005016]:
    Import of FAMILY   No name information available
 Successful
_______________________________________________
Processing record 18 of 27:
[FAMILY]   No name information available 


<Create New Partner>
Save Partner: 
While importing partner [43005017]:
    Import of FAMILY   No name information available
 Successful
_______________________________________________
Processing record 19 of 27:
[FAMILY]   No name information available 
Akron
diam@liberoduinec.com

<Create New Partner>
Save Partner: 
While importing partner [43005018]:
    Import of FAMILY   No name information available
 Successful
_______________________________________________
Processing record 20 of 27:
[FAMILY]   No name information available 


<Create New Partner>
Save Partner: 
While importing partner [43005019]:
    Import of FAMILY   No name information available
 Successful
_______________________________________________
Processing record 21 of 27:
[FAMILY]   No name information available 


<Create New Partner>
Save Partner: 
While importing partner [43005020]:
    Import of FAMILY   No name information available
 Successful
_______________________________________________
Processing record 22 of 27:
[FAMILY]   No name information available 


<Create New Partner>
Save Partner: 
While importing partner [43005021]:
    Import of FAMILY   No name information available
 Successful
_______________________________________________
Processing record 23 of 27:
[FAMILY]   No name information available 


<Create New Partner>
Save Partner: 
While importing partner [43005022]:
    Import of FAMILY   No name information available
 Successful
_______________________________________________
Processing record 24 of 27:
[FAMILY]   No name information available 


<Create New Partner>
Save Partner: 
While importing partner [43005023]:
    Import of FAMILY   No name information available
 Successful
_______________________________________________
Processing record 25 of 27:
[FAMILY]   No name information available 


<Create New Partner>
Save Partner: 
While importing partner [43005024]:
    Import of FAMILY   No name information available
 Successful
_______________________________________________
Processing record 26 of 27:
[FAMILY]   No name information available 


<Create New Partner>
Save Partner: 
While importing partner [43005025]:
    Import of FAMILY   No name information available
 Successful
_______________________________________________
Processing record 27 of 27:
[FAMILY]   No name information available 


<Create New Partner>
Save Partner: 
While importing partner [43005026]:
    Import of FAMILY   No name information available
 Successful
_______________________________________________
27 Records processed - Import finished.
Saving Import log to C:\OpenPetra\Launchpad\dev_0000633_ICH_Testing01\demodata\partners\samplefilepartnerimport2-csv-import.log
