Reading SampleFilePartnerImport.yml
Imported file verification: 
_______________________________________________
Processing record 1 of 15:
[FAMILY] Lloyd, Dalton 
2047 Proin Rd., Ponce, CM0 8RI, DE
Nullam.ut.nisi@elementumpurusaccumsan.com

<Automatic import>
Save Partner: 
While importing partner [43005001]:
    Import of FAMILY Lloyd, Dalton
 Successful
_______________________________________________
Processing record 2 of 15:
[FAMILY] Hart, Julian 
279-8779 Nec Rd., Valdez, K1B 0GO, DE
dignissim.pharetra@sapienCrasdolor.org

<Automatic import>
Save Partner: 
While importing partner [43005002]:
    Import of FAMILY Hart, Julian
 Successful
_______________________________________________
Processing record 3 of 15:
[FAMILY] Pope, Dahlia 
Ap #279-4130 Nunc St., Huntington Beach, 2987PU, DE
mauris.blandit.mattis@ac.ca

<Automatic import>
Save Partner: 
While importing partner [43005003]:
    Import of FAMILY Pope, Dahlia
 Successful
_______________________________________________
Processing record 4 of 15:
[FAMILY] Harvey, Ulric 
788-4853 Eu Street, Clairton, 6814KU, DE
posuere.cubilia@diameu.ca

<Automatic import>
Save Partner: 
While importing partner [43005004]:
    Import of FAMILY Harvey, Ulric
 Successful
_______________________________________________
Processing record 5 of 15:
[FAMILY] Ingram, Julian 
8487 Rutrum. Rd., Columbus, NR8 4BT, DE
aliquet.Phasellus@Proinnon.com

<Automatic import>
Save Partner: 
While importing partner [43005005]:
    Import of FAMILY Ingram, Julian
 Successful
_______________________________________________
Processing record 6 of 15:
[FAMILY] Parrish, Robert 
Ap #975-7000 Congue Av., Alexandria, 9709AE, DE
a.scelerisque.sed@ornare.edu

<Automatic import>
Save Partner: 
While importing partner [43005006]:
    Import of FAMILY Parrish, Robert
 Successful
_______________________________________________
Processing record 7 of 15:
[FAMILY] Oneal, Otto 
Ap #975-7000 Congue Av., Alexandria, 9709AE, DE
Vivamus@variusNam.com

<Automatic import>
Save Partner: 
While importing partner [43005007]:
    Import of FAMILY Oneal, Otto
 Successful
_______________________________________________
Processing record 8 of 15:
[ORGANISATION] IT Hardwarestore 
P.O. Box 102, 8566 Justo. Road, Akron, 5656CN, DE
diam@liberoduinec.com

<Automatic import>
Save Partner: 
While importing partner [43005008]:
    Import of ORGANISATION IT Hardwarestore
 Successful
_______________________________________________
Processing record 9 of 15:
[UNIT] Austria 67000000
Hauptstrasse 1, Wien, 192034, AT

<Automatic import>
<Skip Partner>
_______________________________________________
Processing record 10 of 15:
[UNIT] Feed The Hungry 1800501
<Automatic import>
<Skip Partner>
_______________________________________________
Processing record 11 of 15:
[UNIT] Free The Addicted 1800502
<Automatic import>
<Skip Partner>
_______________________________________________
Processing record 12 of 15:
[UNIT] Heal The Injured 1800503
<Automatic import>
<Skip Partner>
_______________________________________________
Processing record 13 of 15:
[UNIT] Australia 68000000
<Automatic import>
<Skip Partner>
_______________________________________________
Processing record 14 of 15:
[UNIT] Save The Forest 1800504
<Automatic import>
<Skip Partner>
_______________________________________________
Processing record 15 of 15:
[UNIT] Rescue the Dolphins 1800505
<Automatic import>
<Skip Partner>
_______________________________________________
15 Records processed - Import finished.
Saving Import log to C:\OpenPetra\Launchpad\dev_0000633_ICH_Testing01\demodata\partners\SampleFilePartnerImport-yml-import.log
